INFO [2018-07-13 16:35:43] [[1]]
INFO [2018-07-13 16:35:43] list(male_genes = male_genes, female_genes = female_genes)
INFO [2018-07-13 16:35:43] 
INFO [2018-07-13 16:35:43] $filename
INFO [2018-07-13 16:35:43] [1] "data/venn_donor_sex_0.02_10000.png"
INFO [2018-07-13 16:35:43] 
INFO [2018-07-13 16:35:43] $imagetype
INFO [2018-07-13 16:35:43] [1] "tiff"
INFO [2018-07-13 16:35:43] 
INFO [2018-07-13 16:35:43] $fill
INFO [2018-07-13 16:35:43] c("red", "blue")
INFO [2018-07-13 16:35:43] 
INFO [2018-07-13 16:35:43] $alpha
INFO [2018-07-13 16:35:43] c(0.3, 0.3)
INFO [2018-07-13 16:35:43] 
INFO [2018-07-13 16:35:43] $cex
INFO [2018-07-13 16:35:43] [1] 1
INFO [2018-07-13 16:35:43] 
INFO [2018-07-13 16:35:43] $fontfamily
INFO [2018-07-13 16:35:43] [1] "sans"
INFO [2018-07-13 16:35:43] 
INFO [2018-07-13 16:35:43] $cat.fontfamily
INFO [2018-07-13 16:35:43] [1] "sans"
INFO [2018-07-13 16:35:43] 
INFO [2018-07-13 16:35:43] $category.names
INFO [2018-07-13 16:35:43] c("male", "female")
INFO [2018-07-13 16:35:43] 
INFO [2018-07-13 16:35:43] $main.fontfamily
INFO [2018-07-13 16:35:43] [1] "sans"
INFO [2018-07-13 16:35:43] 
INFO [2018-07-13 16:35:43] $main
INFO [2018-07-13 16:35:43] [1] "Dementia DEGs by Donor Sex"
INFO [2018-07-13 16:35:43] 
